<?xml version="1.0" encoding="UTF-8"?>
<testng-results skipped="0" failed="0" ignored="0" total="1" passed="1">
  <reporter-output>
  </reporter-output>
  <suite name="Test Suite" duration-ms="114637" started-at="2019-08-21T13:04:05Z" finished-at="2019-08-21T13:06:00Z">
    <groups>
    </groups>
    <test name="FB" duration-ms="114637" started-at="2019-08-21T13:04:05Z" finished-at="2019-08-21T13:06:00Z">
      <class name="Tests.pliovoTestPage">
        <test-method status="PASS" signature="setUp()[pri:0, instance:Tests.pliovoTestPage@cc285f4]" name="setUp" is-config="true" duration-ms="81692" started-at="2019-08-21T13:04:05Z" finished-at="2019-08-21T13:05:27Z">
          <reporter-output>
          </reporter-output>
        </test-method> <!-- setUp -->
        <test-method status="PASS" signature="loginTest()[pri:0, instance:Tests.pliovoTestPage@cc285f4]" name="loginTest" duration-ms="32340" started-at="2019-08-21T13:05:27Z" finished-at="2019-08-21T13:05:59Z">
          <reporter-output>
          </reporter-output>
        </test-method> <!-- loginTest -->
        <test-method status="PASS" signature="quitBrowser()[pri:0, instance:Tests.pliovoTestPage@cc285f4]" name="quitBrowser" is-config="true" duration-ms="592" started-at="2019-08-21T13:05:59Z" finished-at="2019-08-21T13:06:00Z">
          <reporter-output>
          </reporter-output>
        </test-method> <!-- quitBrowser -->
      </class> <!-- Tests.pliovoTestPage -->
    </test> <!-- FB -->
  </suite> <!-- Test Suite -->
</testng-results>
